d:\git\visual-studio\compiler\compiler\x64\debug\vc141.pdb
d:\git\visual-studio\compiler\compiler\x64\debug\vc141.idb
d:\git\visual-studio\compiler\compiler\x64\debug\util.obj
d:\git\visual-studio\compiler\compiler\x64\debug\symtab.obj
d:\git\visual-studio\compiler\compiler\x64\debug\scan.obj
d:\git\visual-studio\compiler\compiler\x64\debug\parse.obj
d:\git\visual-studio\compiler\compiler\x64\debug\main.obj
d:\git\visual-studio\compiler\compiler\x64\debug\code.obj
d:\git\visual-studio\compiler\compiler\x64\debug\cgen.obj
d:\git\visual-studio\compiler\x64\debug\compiler.pdb
d:\git\visual-studio\compiler\compiler\x64\debug\compiler.tlog\cl.command.1.tlog
d:\git\visual-studio\compiler\compiler\x64\debug\compiler.tlog\cl.read.1.tlog
d:\git\visual-studio\compiler\compiler\x64\debug\compiler.tlog\cl.write.1.tlog
d:\git\visual-studio\compiler\compiler\x64\debug\compiler.tlog\link-cvtres.read.1.tlog
d:\git\visual-studio\compiler\compiler\x64\debug\compiler.tlog\link-cvtres.write.1.tlog
d:\git\visual-studio\compiler\compiler\x64\debug\compiler.tlog\link-rc.read.1.tlog
d:\git\visual-studio\compiler\compiler\x64\debug\compiler.tlog\link-rc.write.1.tlog
d:\git\visual-studio\compiler\compiler\x64\debug\compiler.tlog\link.command.1.tlog
d:\git\visual-studio\compiler\compiler\x64\debug\compiler.tlog\link.read.1.tlog
d:\git\visual-studio\compiler\compiler\x64\debug\compiler.tlog\link.write.1.tlog
